<?xml version="1.0" encoding="UTF-8"?>
<testsuite xmlns:xsi="http://www.w3.org/2001/XMLSchema-instance" xsi:noNamespaceSchemaLocation="https://maven.apache.org/surefire/maven-surefire-plugin/xsd/surefire-test-report.xsd" name="com.projecteulersolvers.service.Problem9SolverTests" time="0.028" tests="4" errors="0" skipped="0" failures="0">
  <properties>
[...]
</properties>
  <testcase name="nullParameters" classname="com.projecteulersolvers.service.Problem9SolverTests" time="0.002"/>
  <testcase name="noSolutionTest" classname="com.projecteulersolvers.service.Problem9SolverTests" time="0.001"/>
  <testcase name="basicNonDefaultValue" classname="com.projecteulersolvers.service.Problem9SolverTests" time="0.001"/>
  <testcase name="defaultParameters" classname="com.projecteulersolvers.service.Problem9SolverTests" time="0.017"/>
</testsuite>